<?xml version="1.0" encoding="UTF-8"?>
<!-- Generated by org.testng.reporters.JUnitReportReporter -->
<testsuite hostname="Girish_PC" failures="0" tests="5" name="com.salesforce.runners.SalesforceLoginRunner" time="18.272" errors="0" timestamp="2024-02-22T23:38:02 EST" skipped="0">
  <testcase classname="com.salesforce.runners.SalesforceLoginRunner" name="runScenario" time="5.234"/>
  <system-out/>
  <testcase classname="com.salesforce.runners.SalesforceLoginRunner" name="runScenario" time="1.556"/>
  <system-out/>
  <testcase classname="com.salesforce.runners.SalesforceLoginRunner" name="runScenario" time="2.604"/>
  <system-out/>
  <testcase classname="com.salesforce.runners.SalesforceLoginRunner" name="runScenario" time="1.981"/>
  <system-out/>
  <testcase classname="com.salesforce.runners.SalesforceLoginRunner" name="runScenario" time="6.897"/>
  <system-out/>
</testsuite> <!-- com.salesforce.runners.SalesforceLoginRunner -->
