<?xml version="1.0" encoding="UTF-8"?>
<!-- Generated by org.testng.reporters.JUnitReportReporter -->
<testsuite hostname="Girish_PC" failures="0" tests="5" name="com.salesforce.runners.SalesforceLoginRunner" time="25.195" errors="0" timestamp="2024-02-23T09:49:44 EST" skipped="0">
  <testcase classname="com.salesforce.runners.SalesforceLoginRunner" name="runScenario" time="7.897"/>
  <system-out/>
  <testcase classname="com.salesforce.runners.SalesforceLoginRunner" name="runScenario" time="6.333"/>
  <system-out/>
  <testcase classname="com.salesforce.runners.SalesforceLoginRunner" name="runScenario" time="3.365"/>
  <system-out/>
  <testcase classname="com.salesforce.runners.SalesforceLoginRunner" name="runScenario" time="1.662"/>
  <system-out/>
  <testcase classname="com.salesforce.runners.SalesforceLoginRunner" name="runScenario" time="5.938"/>
  <system-out/>
</testsuite> <!-- com.salesforce.runners.SalesforceLoginRunner -->
